<?xml version="1.0" encoding="UTF-8"?>
<testsuite name="com.ehl3288.book.springboot.web.IndexControllerTest" tests="1" skipped="0" failures="0" errors="0" timestamp="2021-01-18T15:14:07" hostname="DESKTOP-T91FH5B" time="0.393">
  <properties/>
  <testcase name="메인페이지_로딩" classname="com.ehl3288.book.springboot.web.IndexControllerTest" time="0.393"/>
  <system-out><![CDATA[2021-01-19 00:14:02.291  INFO 1172 --- [    Test worker] .b.t.c.SpringBootTestContextBootstrapper : Neither @ContextConfiguration nor @ContextHierarchy found for test class [com.ehl3288.book.springboot.web.IndexControllerTest], using SpringBootContextLoader
2021-01-19 00:14:02.293  INFO 1172 --- [    Test worker] o.s.t.c.support.AbstractContextLoader    : Could not detect default resource locations for test class [com.ehl3288.book.springboot.web.IndexControllerTest]: no resource found for suffixes {-context.xml, Context.groovy}.
2021-01-19 00:14:02.293  INFO 1172 --- [    Test worker] t.c.s.AnnotationConfigContextLoaderUtils : Could not detect default configuration classes for test class [com.ehl3288.book.springboot.web.IndexControllerTest]: IndexControllerTest does not declare any static, non-private, non-final, nested classes annotated with @Configuration.
2021-01-19 00:14:02.296  INFO 1172 --- [    Test worker] .b.t.c.SpringBootTestContextBootstrapper : Found @SpringBootConfiguration com.ehl3288.book.springboot.Application for test class com.ehl3288.book.springboot.web.IndexControllerTest
2021-01-19 00:14:02.299  INFO 1172 --- [    Test worker] .b.t.c.SpringBootTestContextBootstrapper : Loaded default TestExecutionListener class names from location [META-INF/spring.factories]: [org.springframework.security.test.context.support.WithSecurityContextTestExecutionListener, org.springframework.security.test.context.support.ReactorContextTestExecutionListener, org.springframework.boot.test.autoconfigure.restdocs.RestDocsTestExecutionListener, org.springframework.boot.test.autoconfigure.web.client.MockRestServiceServerResetTestExecutionListener, org.springframework.boot.test.autoconfigure.web.servlet.MockMvcPrintOnlyOnFailureTestExecutionListener, org.springframework.boot.test.autoconfigure.web.servlet.WebDriverTestExecutionListener, org.springframework.boot.test.mock.mockito.MockitoTestExecutionListener, org.springframework.boot.test.mock.mockito.ResetMocksTestExecutionListener, org.springframework.test.context.web.ServletTestExecutionListener, org.springframework.test.context.support.DirtiesContextBeforeModesTestExecutionListener, org.springframework.test.context.support.DependencyInjectionTestExecutionListener, org.springframework.test.context.support.DirtiesContextTestExecutionListener, org.springframework.test.context.transaction.TransactionalTestExecutionListener, org.springframework.test.context.jdbc.SqlScriptsTestExecutionListener]
2021-01-19 00:14:02.301  INFO 1172 --- [    Test worker] .b.t.c.SpringBootTestContextBootstrapper : Using TestExecutionListeners: [org.springframework.test.context.web.ServletTestExecutionListener@3979a176, org.springframework.test.context.support.DirtiesContextBeforeModesTestExecutionListener@3a349412, org.springframework.boot.test.mock.mockito.MockitoTestExecutionListener@415066f1, org.springframework.boot.test.autoconfigure.SpringBootDependencyInjectionTestExecutionListener@a6af2d3, org.springframework.test.context.support.DirtiesContextTestExecutionListener@7eec80f9, org.springframework.test.context.transaction.TransactionalTestExecutionListener@60661f32, org.springframework.test.context.jdbc.SqlScriptsTestExecutionListener@22439a21, org.springframework.security.test.context.support.WithSecurityContextTestExecutionListener@7f6208d0, org.springframework.security.test.context.support.ReactorContextTestExecutionListener@6593b48d, org.springframework.boot.test.autoconfigure.restdocs.RestDocsTestExecutionListener@355cb882, org.springframework.boot.test.autoconfigure.web.client.MockRestServiceServerResetTestExecutionListener@bf0ae9a, org.springframework.boot.test.autoconfigure.web.servlet.MockMvcPrintOnlyOnFailureTestExecutionListener@643b13bc, org.springframework.boot.test.autoconfigure.web.servlet.WebDriverTestExecutionListener@1c74f46a, org.springframework.boot.test.mock.mockito.ResetMocksTestExecutionListener@4cbcc7ce]

  .   ____          _            __ _ _
 /\\ / ___'_ __ _ _(_)_ __  __ _ \ \ \ \
( ( )\___ | '_ | '_| | '_ \/ _` | \ \ \ \
 \\/  ___)| |_)| | | | | || (_| |  ) ) ) )
  '  |____| .__|_| |_|_| |_\__, | / / / /
 =========|_|==============|___/=/_/_/_/
 :: Spring Boot ::        (v2.1.7.RELEASE)

2021-01-19 00:14:02.397  INFO 1172 --- [    Test worker] c.e.b.s.web.IndexControllerTest          : Starting IndexControllerTest on DESKTOP-T91FH5B with PID 1172 (started by ehl32 in C:\Users\ehl32\IdeaProjects\freelec-springboot-webservice)
2021-01-19 00:14:02.397  INFO 1172 --- [    Test worker] c.e.b.s.web.IndexControllerTest          : The following profiles are active: oauth
2021-01-19 00:14:02.930  INFO 1172 --- [    Test worker] .s.d.r.c.RepositoryConfigurationDelegate : Bootstrapping Spring Data repositories in DEFAULT mode.
2021-01-19 00:14:03.037  INFO 1172 --- [    Test worker] .s.d.r.c.RepositoryConfigurationDelegate : Finished Spring Data repository scanning in 107ms. Found 2 repository interfaces.
2021-01-19 00:14:03.258  INFO 1172 --- [    Test worker] trationDelegate$BeanPostProcessorChecker : Bean 'org.springframework.transaction.annotation.ProxyTransactionManagementConfiguration' of type [org.springframework.transaction.annotation.ProxyTransactionManagementConfiguration$$EnhancerBySpringCGLIB$$e329d851] is not eligible for getting processed by all BeanPostProcessors (for example: not eligible for auto-proxying)
2021-01-19 00:14:03.759  INFO 1172 --- [    Test worker] o.s.b.w.embedded.tomcat.TomcatWebServer  : Tomcat initialized with port(s): 0 (http)
2021-01-19 00:14:03.830  INFO 1172 --- [    Test worker] o.apache.catalina.core.StandardService   : Starting service [Tomcat]
2021-01-19 00:14:03.831  INFO 1172 --- [    Test worker] org.apache.catalina.core.StandardEngine  : Starting Servlet engine: [Apache Tomcat/9.0.22]
2021-01-19 00:14:04.282  INFO 1172 --- [    Test worker] o.a.c.c.C.[Tomcat].[localhost].[/]       : Initializing Spring embedded WebApplicationContext
2021-01-19 00:14:04.283  INFO 1172 --- [    Test worker] o.s.web.context.ContextLoader            : Root WebApplicationContext: initialization completed in 1881 ms
2021-01-19 00:14:04.733  INFO 1172 --- [    Test worker] com.zaxxer.hikari.HikariDataSource       : HikariPool-2 - Starting...
2021-01-19 00:14:04.735  INFO 1172 --- [    Test worker] com.zaxxer.hikari.HikariDataSource       : HikariPool-2 - Start completed.
2021-01-19 00:14:04.851  INFO 1172 --- [    Test worker] o.hibernate.jpa.internal.util.LogHelper  : HHH000204: Processing PersistenceUnitInfo [
	name: default
	...]
2021-01-19 00:14:04.894  INFO 1172 --- [    Test worker] org.hibernate.dialect.Dialect            : HHH000400: Using dialect: org.hibernate.dialect.MySQL5InnoDBDialect
Hibernate: drop table if exists posts
Hibernate: drop table if exists user
Hibernate: create table posts (id bigint not null auto_increment, created_date datetime, modified_date datetime, author varchar(255), content TEXT not null, title varchar(500) not null, primary key (id)) engine=InnoDB
Hibernate: create table user (id bigint not null auto_increment, created_date datetime, modified_date datetime, email varchar(255) not null, name varchar(255) not null, picture varchar(255), role varchar(255) not null, primary key (id)) engine=InnoDB
2021-01-19 00:14:05.015  INFO 1172 --- [    Test worker] o.h.t.schema.internal.SchemaCreatorImpl  : HHH000476: Executing import script 'org.hibernate.tool.schema.internal.exec.ScriptSourceInputNonExistentImpl@d518486'
2021-01-19 00:14:05.015  INFO 1172 --- [    Test worker] j.LocalContainerEntityManagerFactoryBean : Initialized JPA EntityManagerFactory for persistence unit 'default'
2021-01-19 00:14:05.733  INFO 1172 --- [    Test worker] o.h.h.i.QueryTranslatorFactoryInitiator  : HHH000397: Using ASTQueryTranslatorFactory
2021-01-19 00:14:05.989  INFO 1172 --- [    Test worker] o.s.s.web.DefaultSecurityFilterChain     : Creating filter chain: any request, [org.springframework.security.web.context.request.async.WebAsyncManagerIntegrationFilter@2045f14a, org.springframework.security.web.context.SecurityContextPersistenceFilter@5d45f5d9, org.springframework.security.web.header.HeaderWriterFilter@4e06b962, org.springframework.security.web.authentication.logout.LogoutFilter@4d79a60a, org.springframework.security.oauth2.client.web.OAuth2AuthorizationRequestRedirectFilter@12cb9362, org.springframework.security.oauth2.client.web.OAuth2LoginAuthenticationFilter@26156fbb, org.springframework.security.web.authentication.ui.DefaultLoginPageGeneratingFilter@3fe07712, org.springframework.security.web.authentication.ui.DefaultLogoutPageGeneratingFilter@7e4f1417, org.springframework.security.web.savedrequest.RequestCacheAwareFilter@478699c4, org.springframework.security.web.servletapi.SecurityContextHolderAwareRequestFilter@3c30f5ff, org.springframework.security.web.authentication.AnonymousAuthenticationFilter@30d1d83f, org.springframework.security.web.session.SessionManagementFilter@1622be3d, org.springframework.security.web.access.ExceptionTranslationFilter@55e9e60b, org.springframework.security.web.access.intercept.FilterSecurityInterceptor@277f3560]
2021-01-19 00:14:06.369  INFO 1172 --- [    Test worker] o.s.s.concurrent.ThreadPoolTaskExecutor  : Initializing ExecutorService 'applicationTaskExecutor'
2021-01-19 00:14:06.390  WARN 1172 --- [    Test worker] aWebConfiguration$JpaWebMvcConfiguration : spring.jpa.open-in-view is enabled by default. Therefore, database queries may be performed during view rendering. Explicitly configure spring.jpa.open-in-view to disable this warning
2021-01-19 00:14:06.447  INFO 1172 --- [    Test worker] o.s.b.a.w.s.WelcomePageHandlerMapping    : Adding welcome page template: index
2021-01-19 00:14:06.971  INFO 1172 --- [    Test worker] s.a.ScheduledAnnotationBeanPostProcessor : No TaskScheduler/ScheduledExecutorService bean found for scheduled processing
2021-01-19 00:14:07.019  INFO 1172 --- [    Test worker] o.s.b.w.embedded.tomcat.TomcatWebServer  : Tomcat started on port(s): 61487 (http) with context path ''
2021-01-19 00:14:07.022  INFO 1172 --- [    Test worker] c.e.b.s.web.IndexControllerTest          : Started IndexControllerTest in 4.717 seconds (JVM running for 20.3)
2021-01-19 00:14:07.232  INFO 1172 --- [o-auto-1-exec-1] o.a.c.c.C.[Tomcat].[localhost].[/]       : Initializing Spring DispatcherServlet 'dispatcherServlet'
2021-01-19 00:14:07.232  INFO 1172 --- [o-auto-1-exec-1] o.s.web.servlet.DispatcherServlet        : Initializing Servlet 'dispatcherServlet'
2021-01-19 00:14:07.274  INFO 1172 --- [o-auto-1-exec-1] o.s.web.servlet.DispatcherServlet        : Completed initialization in 42 ms
Hibernate: select posts0_.id as id1_0_, posts0_.created_date as created_2_0_, posts0_.modified_date as modified3_0_, posts0_.author as author4_0_, posts0_.content as content5_0_, posts0_.title as title6_0_ from posts posts0_ order by posts0_.id DESC
]]></system-out>
  <system-err><![CDATA[]]></system-err>
</testsuite>
