<?xml version="1.0" encoding="UTF-8"?>
<testsuite name="com.ehl3288.book.springboot.web.IndexControllerTest" tests="1" skipped="0" failures="0" errors="0" timestamp="2021-01-19T01:19:06" hostname="DESKTOP-T91FH5B" time="0.215">
  <properties/>
  <testcase name="메인페이지_로딩" classname="com.ehl3288.book.springboot.web.IndexControllerTest" time="0.215"/>
  <system-out><![CDATA[2021-01-19 10:19:02.644  INFO 11004 --- [    Test worker] .b.t.c.SpringBootTestContextBootstrapper : Neither @ContextConfiguration nor @ContextHierarchy found for test class [com.ehl3288.book.springboot.web.IndexControllerTest], using SpringBootContextLoader
2021-01-19 10:19:02.646  INFO 11004 --- [    Test worker] o.s.t.c.support.AbstractContextLoader    : Could not detect default resource locations for test class [com.ehl3288.book.springboot.web.IndexControllerTest]: no resource found for suffixes {-context.xml, Context.groovy}.
2021-01-19 10:19:02.647  INFO 11004 --- [    Test worker] t.c.s.AnnotationConfigContextLoaderUtils : Could not detect default configuration classes for test class [com.ehl3288.book.springboot.web.IndexControllerTest]: IndexControllerTest does not declare any static, non-private, non-final, nested classes annotated with @Configuration.
2021-01-19 10:19:02.651  INFO 11004 --- [    Test worker] .b.t.c.SpringBootTestContextBootstrapper : Found @SpringBootConfiguration com.ehl3288.book.springboot.Application for test class com.ehl3288.book.springboot.web.IndexControllerTest
2021-01-19 10:19:02.655  INFO 11004 --- [    Test worker] .b.t.c.SpringBootTestContextBootstrapper : Loaded default TestExecutionListener class names from location [META-INF/spring.factories]: [org.springframework.security.test.context.support.WithSecurityContextTestExecutionListener, org.springframework.security.test.context.support.ReactorContextTestExecutionListener, org.springframework.boot.test.autoconfigure.restdocs.RestDocsTestExecutionListener, org.springframework.boot.test.autoconfigure.web.client.MockRestServiceServerResetTestExecutionListener, org.springframework.boot.test.autoconfigure.web.servlet.MockMvcPrintOnlyOnFailureTestExecutionListener, org.springframework.boot.test.autoconfigure.web.servlet.WebDriverTestExecutionListener, org.springframework.boot.test.mock.mockito.MockitoTestExecutionListener, org.springframework.boot.test.mock.mockito.ResetMocksTestExecutionListener, org.springframework.test.context.web.ServletTestExecutionListener, org.springframework.test.context.support.DirtiesContextBeforeModesTestExecutionListener, org.springframework.test.context.support.DependencyInjectionTestExecutionListener, org.springframework.test.context.support.DirtiesContextTestExecutionListener, org.springframework.test.context.transaction.TransactionalTestExecutionListener, org.springframework.test.context.jdbc.SqlScriptsTestExecutionListener]
2021-01-19 10:19:02.662  INFO 11004 --- [    Test worker] .b.t.c.SpringBootTestContextBootstrapper : Using TestExecutionListeners: [org.springframework.test.context.web.ServletTestExecutionListener@528104c9, org.springframework.test.context.support.DirtiesContextBeforeModesTestExecutionListener@5b824a9e, org.springframework.boot.test.mock.mockito.MockitoTestExecutionListener@3e5e8633, org.springframework.boot.test.autoconfigure.SpringBootDependencyInjectionTestExecutionListener@5deee5e0, org.springframework.test.context.support.DirtiesContextTestExecutionListener@71315d8, org.springframework.test.context.transaction.TransactionalTestExecutionListener@4e0c691e, org.springframework.test.context.jdbc.SqlScriptsTestExecutionListener@4a911f2, org.springframework.security.test.context.support.WithSecurityContextTestExecutionListener@2ec22562, org.springframework.security.test.context.support.ReactorContextTestExecutionListener@316048b7, org.springframework.boot.test.autoconfigure.restdocs.RestDocsTestExecutionListener@1c09931c, org.springframework.boot.test.autoconfigure.web.client.MockRestServiceServerResetTestExecutionListener@50e337ee, org.springframework.boot.test.autoconfigure.web.servlet.MockMvcPrintOnlyOnFailureTestExecutionListener@6f35f1a5, org.springframework.boot.test.autoconfigure.web.servlet.WebDriverTestExecutionListener@5c233904, org.springframework.boot.test.mock.mockito.ResetMocksTestExecutionListener@ce2c0ef]

  .   ____          _            __ _ _
 /\\ / ___'_ __ _ _(_)_ __  __ _ \ \ \ \
( ( )\___ | '_ | '_| | '_ \/ _` | \ \ \ \
 \\/  ___)| |_)| | | | | || (_| |  ) ) ) )
  '  |____| .__|_| |_|_| |_\__, | / / / /
 =========|_|==============|___/=/_/_/_/
 :: Spring Boot ::        (v2.1.7.RELEASE)

2021-01-19 10:19:02.770  INFO 11004 --- [    Test worker] c.e.b.s.web.IndexControllerTest          : Starting IndexControllerTest on DESKTOP-T91FH5B with PID 11004 (started by ehl32 in C:\Users\ehl32\IdeaProjects\freelec-springboot-webservice)
2021-01-19 10:19:02.771  INFO 11004 --- [    Test worker] c.e.b.s.web.IndexControllerTest          : The following profiles are active: oauth
2021-01-19 10:19:03.294  INFO 11004 --- [    Test worker] .s.d.r.c.RepositoryConfigurationDelegate : Bootstrapping Spring Data repositories in DEFAULT mode.
2021-01-19 10:19:03.407  INFO 11004 --- [    Test worker] .s.d.r.c.RepositoryConfigurationDelegate : Finished Spring Data repository scanning in 112ms. Found 2 repository interfaces.
2021-01-19 10:19:03.597  INFO 11004 --- [    Test worker] trationDelegate$BeanPostProcessorChecker : Bean 'org.springframework.transaction.annotation.ProxyTransactionManagementConfiguration' of type [org.springframework.transaction.annotation.ProxyTransactionManagementConfiguration$$EnhancerBySpringCGLIB$$eea26f2b] is not eligible for getting processed by all BeanPostProcessors (for example: not eligible for auto-proxying)
2021-01-19 10:19:04.129  INFO 11004 --- [    Test worker] o.s.b.w.embedded.tomcat.TomcatWebServer  : Tomcat initialized with port(s): 0 (http)
2021-01-19 10:19:04.202  INFO 11004 --- [    Test worker] o.apache.catalina.core.StandardService   : Starting service [Tomcat]
2021-01-19 10:19:04.203  INFO 11004 --- [    Test worker] org.apache.catalina.core.StandardEngine  : Starting Servlet engine: [Apache Tomcat/9.0.22]
2021-01-19 10:19:04.725  INFO 11004 --- [    Test worker] o.a.c.c.C.[Tomcat].[localhost].[/]       : Initializing Spring embedded WebApplicationContext
2021-01-19 10:19:04.726  INFO 11004 --- [    Test worker] o.s.web.context.ContextLoader            : Root WebApplicationContext: initialization completed in 1948 ms
2021-01-19 10:19:05.162  INFO 11004 --- [    Test worker] com.zaxxer.hikari.HikariDataSource       : HikariPool-2 - Starting...
2021-01-19 10:19:05.163  INFO 11004 --- [    Test worker] com.zaxxer.hikari.HikariDataSource       : HikariPool-2 - Start completed.
2021-01-19 10:19:05.283  INFO 11004 --- [    Test worker] o.hibernate.jpa.internal.util.LogHelper  : HHH000204: Processing PersistenceUnitInfo [
	name: default
	...]
2021-01-19 10:19:05.327  INFO 11004 --- [    Test worker] org.hibernate.dialect.Dialect            : HHH000400: Using dialect: org.hibernate.dialect.MySQL5InnoDBDialect
Hibernate: drop table if exists posts
Hibernate: drop table if exists user
Hibernate: create table posts (id bigint not null auto_increment, created_date datetime, modified_date datetime, author varchar(255), content TEXT not null, title varchar(500) not null, primary key (id)) engine=InnoDB
Hibernate: create table user (id bigint not null auto_increment, created_date datetime, modified_date datetime, email varchar(255) not null, name varchar(255) not null, picture varchar(255), role varchar(255) not null, primary key (id)) engine=InnoDB
2021-01-19 10:19:05.461  INFO 11004 --- [    Test worker] o.h.t.schema.internal.SchemaCreatorImpl  : HHH000476: Executing import script 'org.hibernate.tool.schema.internal.exec.ScriptSourceInputNonExistentImpl@1acec908'
2021-01-19 10:19:05.463  INFO 11004 --- [    Test worker] j.LocalContainerEntityManagerFactoryBean : Initialized JPA EntityManagerFactory for persistence unit 'default'
2021-01-19 10:19:05.958  INFO 11004 --- [    Test worker] o.h.h.i.QueryTranslatorFactoryInitiator  : HHH000397: Using ASTQueryTranslatorFactory
2021-01-19 10:19:06.113  INFO 11004 --- [    Test worker] o.s.s.web.DefaultSecurityFilterChain     : Creating filter chain: any request, [org.springframework.security.web.context.request.async.WebAsyncManagerIntegrationFilter@f337e, org.springframework.security.web.context.SecurityContextPersistenceFilter@67e6d150, org.springframework.security.web.header.HeaderWriterFilter@31fe0771, org.springframework.security.web.authentication.logout.LogoutFilter@3e176d03, org.springframework.security.oauth2.client.web.OAuth2AuthorizationRequestRedirectFilter@39d7f2f1, org.springframework.security.oauth2.client.web.OAuth2LoginAuthenticationFilter@59f74017, org.springframework.security.web.authentication.ui.DefaultLoginPageGeneratingFilter@6f2a5de7, org.springframework.security.web.authentication.ui.DefaultLogoutPageGeneratingFilter@65f92f41, org.springframework.security.web.savedrequest.RequestCacheAwareFilter@3e211a54, org.springframework.security.web.servletapi.SecurityContextHolderAwareRequestFilter@7fa5476e, org.springframework.security.web.authentication.AnonymousAuthenticationFilter@63bf0975, org.springframework.security.web.session.SessionManagementFilter@710c2267, org.springframework.security.web.access.ExceptionTranslationFilter@6797d121, org.springframework.security.web.access.intercept.FilterSecurityInterceptor@312a8731]
2021-01-19 10:19:06.292  INFO 11004 --- [    Test worker] o.s.s.concurrent.ThreadPoolTaskExecutor  : Initializing ExecutorService 'applicationTaskExecutor'
2021-01-19 10:19:06.304  WARN 11004 --- [    Test worker] aWebConfiguration$JpaWebMvcConfiguration : spring.jpa.open-in-view is enabled by default. Therefore, database queries may be performed during view rendering. Explicitly configure spring.jpa.open-in-view to disable this warning
2021-01-19 10:19:06.337  INFO 11004 --- [    Test worker] o.s.b.a.w.s.WelcomePageHandlerMapping    : Adding welcome page template: index
2021-01-19 10:19:06.619  INFO 11004 --- [    Test worker] s.a.ScheduledAnnotationBeanPostProcessor : No TaskScheduler/ScheduledExecutorService bean found for scheduled processing
2021-01-19 10:19:06.642  INFO 11004 --- [    Test worker] o.s.b.w.embedded.tomcat.TomcatWebServer  : Tomcat started on port(s): 62417 (http) with context path ''
2021-01-19 10:19:06.643  INFO 11004 --- [    Test worker] c.e.b.s.web.IndexControllerTest          : Started IndexControllerTest in 3.976 seconds (JVM running for 21.003)
2021-01-19 10:19:06.773  INFO 11004 --- [o-auto-1-exec-1] o.a.c.c.C.[Tomcat].[localhost].[/]       : Initializing Spring DispatcherServlet 'dispatcherServlet'
2021-01-19 10:19:06.773  INFO 11004 --- [o-auto-1-exec-1] o.s.web.servlet.DispatcherServlet        : Initializing Servlet 'dispatcherServlet'
2021-01-19 10:19:06.787  INFO 11004 --- [o-auto-1-exec-1] o.s.web.servlet.DispatcherServlet        : Completed initialization in 14 ms
Hibernate: select posts0_.id as id1_0_, posts0_.created_date as created_2_0_, posts0_.modified_date as modified3_0_, posts0_.author as author4_0_, posts0_.content as content5_0_, posts0_.title as title6_0_ from posts posts0_ order by posts0_.id DESC
]]></system-out>
  <system-err><![CDATA[]]></system-err>
</testsuite>
