<?xml version="1.0" encoding="UTF-8"?>
<testsuite name="com.ehl3288.book.springboot.web.dto.HelloResponseDtoTest" tests="1" skipped="0" failures="0" errors="0" timestamp="2021-01-19T01:18:59" hostname="DESKTOP-T91FH5B" time="0.006">
  <properties/>
  <testcase name="롬복_기능_테스트" classname="com.ehl3288.book.springboot.web.dto.HelloResponseDtoTest" time="0.006"/>
  <system-out><![CDATA[]]></system-out>
  <system-err><![CDATA[]]></system-err>
</testsuite>
